<?xml version="1.0" encoding="UTF-8"?>
<!-- Generated by org.testng.reporters.JUnitReportReporter -->
<testsuite hostname="LAPTOP-BBV4M2VF" failures="0" tests="1" name="testcases.LoginTest" time="23.838" errors="0" timestamp="2020-04-19T21:16:48 IST" skipped="0">
  <testcase classname="testcases.LoginTest" name="testLogin" time="23.838"/>
</testsuite> <!-- testcases.LoginTest -->
